<?xml version="1.0" encoding="UTF-8"?>
<!-- Generated by org.testng.reporters.JUnitXMLReporter -->
<testsuite hostname="DESKTOP-Q71IO9G" ignored="2" tests="1" failures="0" timestamp="20 Dec 2018 08:09:54 GMT" time="12.675" errors="0">
  <testcase name="test1" time="12.623" classname="testClass"/>
  <testcase name="Login" time="0.0" classname="BaseClass">
    <ignored/>
  </testcase> <!-- Login -->
  <testcase name="browserInvoke" time="0.0" classname="BaseClass">
    <ignored/>
  </testcase> <!-- browserInvoke -->
</testsuite>
