<?xml version="1.0" encoding="UTF-8"?>
<testng-results skipped="0" failed="0" ignored="2" total="3" passed="1">
  <reporter-output>
  </reporter-output>
  <suite name="Default suite" duration-ms="12675" started-at="2018-12-20T08:09:41Z" finished-at="2018-12-20T08:09:54Z">
    <groups>
    </groups>
    <test name="Default test" duration-ms="12675" started-at="2018-12-20T08:09:41Z" finished-at="2018-12-20T08:09:54Z">
      <class name="testClass">
        <test-method status="PASS" signature="test1()[pri:0, instance:testClass@7dc7cbad]" name="test1" duration-ms="12623" started-at="2018-12-20T08:09:42Z" finished-at="2018-12-20T08:09:54Z">
          <reporter-output>
          </reporter-output>
        </test-method> <!-- test1 -->
      </class> <!-- testClass -->
    </test> <!-- Default test -->
  </suite> <!-- Default suite -->
</testng-results>
